<?xml version="1.0" encoding="UTF-8"?>
<!-- Generated by org.testng.reporters.JUnitReportReporter -->
<testsuite hostname="JYOTHI" failures="0" tests="9" name="nobroker.MAIN" time="19.658" errors="0" timestamp="2022-09-05T11:46:38 IST" skipped="0">
  <testcase classname="nobroker.MAIN" name="Buy" time="0.761"/>
  <system-out/>
  <testcase classname="nobroker.MAIN" name="SelectCity" time="4.574"/>
  <system-out/>
  <testcase classname="nobroker.MAIN" name="AssignStreet" time="1.565"/>
  <system-out/>
  <testcase classname="nobroker.MAIN" name="AssignStreet" time="1.183"/>
  <system-out/>
  <testcase classname="nobroker.MAIN" name="SelectBHK" time="0.766"/>
  <system-out/>
  <testcase classname="nobroker.MAIN" name="AssignBHK" time="0.425"/>
  <system-out/>
  <testcase classname="nobroker.MAIN" name="AssignBHK" time="0.891"/>
  <system-out/>
  <testcase classname="nobroker.MAIN" name="searchbutton" time="0.899"/>
  <system-out/>
  <testcase classname="nobroker.MAIN" name="FourthElement" time="8.594"/>
  <system-out/>
</testsuite> <!-- nobroker.MAIN -->
