<?xml version="1.0" encoding="UTF-8"?>
<!-- Generated by org.testng.reporters.JUnitReportReporter -->
<testsuite hostname="JYOTHI" failures="0" tests="1" name="nobroker.NobrokerclassPOM" time="55.947" errors="0" timestamp="2022-09-05T01:36:57 IST" skipped="0">
  <testcase classname="nobroker.NobrokerclassPOM" name="openweb" time="55.947"/>
  <system-out/>
</testsuite> <!-- nobroker.NobrokerclassPOM -->
