<?xml version="1.0" encoding="UTF-8"?>
<!-- Generated by org.testng.reporters.JUnitReportReporter -->
<testsuite hostname="JYOTHI" failures="0" tests="1" name="nobroker.Nobrokerclass" time="70.983" errors="0" timestamp="2022-09-04T19:34:55 IST" skipped="0">
  <testcase classname="nobroker.Nobrokerclass" name="openweb" time="70.983"/>
  <system-out/>
</testsuite> <!-- nobroker.Nobrokerclass -->
