<?xml version="1.0" encoding="UTF-8"?>
<!-- Generated by org.testng.reporters.JUnitReportReporter -->
<testsuite hostname="JYOTHI" failures="0" tests="9" name="noBroker_TestCases.MAIN" time="34.711" errors="0" timestamp="2022-09-05T23:23:51 IST" skipped="0">
  <testcase classname="noBroker_TestCases.MAIN" name="Buy" time="0.709"/>
  <system-out/>
  <testcase classname="noBroker_TestCases.MAIN" name="SelectCity" time="10.837"/>
  <system-out/>
  <testcase classname="noBroker_TestCases.MAIN" name="AssignStreet" time="3.660"/>
  <system-out/>
  <testcase classname="noBroker_TestCases.MAIN" name="AssignStreet" time="2.081"/>
  <system-out/>
  <testcase classname="noBroker_TestCases.MAIN" name="SelectBHK" time="0.425"/>
  <system-out/>
  <testcase classname="noBroker_TestCases.MAIN" name="AssignBHK" time="0.430"/>
  <system-out/>
  <testcase classname="noBroker_TestCases.MAIN" name="AssignBHK" time="0.881"/>
  <system-out/>
  <testcase classname="noBroker_TestCases.MAIN" name="searchbutton" time="6.454"/>
  <system-out/>
  <testcase classname="noBroker_TestCases.MAIN" name="FourthElement" time="9.234"/>
  <system-out/>
</testsuite> <!-- noBroker_TestCases.MAIN -->
